            --------------------------------------------------------
                             AMBER SQM VERSION 19
 
                                     By
              Ross C. Walker, Michael F. Crowley, Scott Brozell,
                         Tim Giese, Andreas W. Goetz,
                        Tai-Sung Lee and David A. Case
 
            --------------------------------------------------------
 

--------------------------------------------------------------------------------
  QM CALCULATION INFO
--------------------------------------------------------------------------------

| QMMM: Citation for AMBER QMMM Run:
| QMMM: R.C. Walker, M.F. Crowley and D.A. Case, J. COMP. CHEM. 29:1019, 2008

QMMM: SINGLET STATE CALCULATION
QMMM: RHF CALCULATION, NO. OF DOUBLY OCCUPIED LEVELS =105

| QMMM: *** Selected Hamiltonian *** 
| QMMM: AM1         

| QMMM: *** Parameter sets in use ***
| QMMM: C : M.J.S.DEWAR et al. JACS, 107, 3902, (1985)
| QMMM: N : M.J.S.DEWAR et al. JACS, 107, 3902, (1985)
| QMMM: O : M.J.S.DEWAR et al. JACS, 107, 3902, (1985)
| QMMM: H : M.J.S.DEWAR et al. JACS, 107, 3902, (1985)

| QMMM: *** SCF convergence criteria ***
| QMMM: Energy change                :  0.1D-09 kcal/mol
| QMMM: Error matrix |FP-PF|         :  0.1D+00 au
| QMMM: Density matrix change        :  0.5D-06
| QMMM: Maximum number of SCF cycles :     1000

| QMMM: *** Diagonalization Routine Information ***
| QMMM: Pseudo diagonalizations are allowed.
| QMMM: Auto diagonalization routine selection is in use.
| QMMM:
| QMMM: Timing diagonalization routines:
| QMMM:                              norbs =      198
| QMMM:    diag iterations used for timing =        5
| QMMM:
| QMMM:              Internal diag routine = 0.097821 seconds
| QMMM:                 Dspev diag routine = 0.202132 seconds
| QMMM:                Dspevd diag routine = 0.091526 seconds
| QMMM:                Dspevx diag routine = 0.242738 seconds
| QMMM:                 Dsyev diag routine = 0.107996 seconds
| QMMM:                Dsyevd diag routine = 0.036172 seconds
| QMMM:                Dsyevr diag routine = 0.048858 seconds
| QMMM:
| QMMM:                Pseudo diag routine = 0.053193 seconds
| QMMM: Pseudo diagonalization appears to be slower than regular
| QMMM: diagonalization. Setting pseudo_diag=0 for optimum performance.
| QMMM:
| QMMM: Using dsyevd routine (diag_routine=6).

  QMMM: QM Region Cartesian Coordinates (*=link atom) 
  QMMM: QM_NO.   MM_NO.  ATOM         X         Y         Z
  QMMM:     1        1      C       54.2580   65.7060   43.5270
  QMMM:     2        2      C       49.4370   65.6720   44.0150
  QMMM:     3        3      C       49.6800   69.5180   46.9430
  QMMM:     4        4      C       54.4590   69.8150   46.1120
  QMMM:     5        5      N       51.8860   66.0040   44.1150
  QMMM:     6        6      C       52.9320   65.2650   43.5820
  QMMM:     7        7      C       52.4370   64.0880   42.8880
  QMMM:     8        8      C       51.0900   64.1240   42.9780
  QMMM:     9        9      C       50.7610   65.2830   43.7680
  QMMM:    10       10      C       50.0430   63.2730   42.2590
  QMMM:    11       11      C       53.3130   63.1600   42.0500
  QMMM:    12       12      C       53.5620   63.5510   40.6120
  QMMM:    13       13      C       54.2540   62.5300   39.7170
  QMMM:    14       14      O       54.3510   61.3400   40.1040
  QMMM:    15       15      O       54.6780   62.9300   38.6140
  QMMM:    16       16      N       49.9970   67.7000   45.2990
  QMMM:    17       17      C       49.1060   66.7170   44.8610
  QMMM:    18       18      C       47.7460   67.0450   45.2150
  QMMM:    19       19      C       47.8150   68.1340   46.0090
  QMMM:    20       20      C       49.2190   68.4820   46.1350
  QMMM:    21       21      C       46.5520   66.1470   44.8760
  QMMM:    22       22      C       46.8240   68.8090   46.7460
  QMMM:    23       23      C       45.6730   68.3230   47.3030
  QMMM:    24       24      N       52.0380   69.3210   46.2810
  QMMM:    25       25      C       51.0300   69.9030   47.0270
  QMMM:    26       26      C       51.5150   71.0670   47.7390
  QMMM:    27       27      C       52.8440   71.1320   47.5070
  QMMM:    28       28      C       53.1790   70.0270   46.6450
  QMMM:    29       29      C       50.6550   71.9220   48.6660
  QMMM:    30       30      C       53.7840   72.0460   47.9860
  QMMM:    31       31      C       53.7330   73.0850   48.8720
  QMMM:    32       32      N       53.9230   67.7040   44.9530
  QMMM:    33       33      C       54.8080   68.6890   45.3610
  QMMM:    34       34      C       56.1680   68.3330   45.0070
  QMMM:    35       35      C       56.1080   67.1700   44.3290
  QMMM:    36       36      C       54.7190   66.7890   44.2650
  QMMM:    37       37      C       57.3850   69.1580   45.4110
  QMMM:    38       38      C       57.2730   66.2640   43.9010
  QMMM:    39       39      C       57.7850   65.2960   44.9710
  QMMM:    40       40      C       59.0740   64.6150   44.4880
  QMMM:    41       41      O       60.0800   64.7410   45.2050
  QMMM:    42       42      O       59.0950   63.9710   43.4380
  QMMM:    43       43      H       50.4340   62.8840   41.4610
  QMMM:    44       44      H       49.2880   63.8300   42.0110
  QMMM:    45       45      H       49.7410   62.5640   42.8490
  QMMM:    46       46      H       46.7370   65.6570   44.0590
  QMMM:    47       47      H       45.7600   66.6940   44.7520
  QMMM:    48       48      H       46.4020   65.5210   45.6010
  QMMM:    49       49      H       49.7330   71.9000   48.3640
  QMMM:    50       50      H       50.9770   72.8370   48.6540
  QMMM:    51       51      H       50.7070   71.5730   49.5700
  QMMM:    52       52      H       58.1530   68.5740   45.5120
  QMMM:    53       53      H       57.2070   69.6060   46.2530
  QMMM:    54       54      H       57.5700   69.8190   44.7260
  QMMM:    55       55      H       45.0800   68.9180   47.7890
  QMMM:    56       56      H       45.4490   67.3830   47.2120
  QMMM:    57       57      H       54.5320   73.6010   49.0610
  QMMM:    58       58      H       52.8980   73.3060   49.3120
  QMMM:    59       59      H       54.0950   64.3610   40.6100
  QMMM:    60       60      H       52.7080   63.7720   40.2090
  QMMM:    61       61      H       52.9070   62.2790   42.0550
  QMMM:    62       62      H       54.1730   63.0790   42.4920
  QMMM:    63       63      H       57.1090   64.6270   45.1630
  QMMM:    64       64      H       57.9530   65.7750   45.7980
  QMMM:    65       65      H       58.0110   66.8260   43.6160
  QMMM:    66       66      H       56.9940   65.7490   43.1280
  QMMM:    67       67      H       54.8550   65.2560   42.9740
  QMMM:    68       68      H       48.7510   65.2080   43.5920
  QMMM:    69       69      H       49.0590   69.9820   47.4570
  QMMM:    70       70      H       55.1120   70.4590   46.2670
  QMMM:    71       71      H       46.9800   69.7570   46.8780
  QMMM:    72       72      H       54.6670   71.9150   47.6070

--------------------------------------------------------------------------------
  RESULTS
--------------------------------------------------------------------------------

      iter         sqm energy              rms gradient
      ----    -------------------    -----------------------
xmin    10      289.3402 kcal/mol        3.4166 kcal/(mol*A)
xmin    20      254.9750 kcal/mol        2.0410 kcal/(mol*A)
xmin    30      237.4627 kcal/mol        1.8220 kcal/(mol*A)
xmin    40      233.1419 kcal/mol        0.6279 kcal/(mol*A)
xmin    50      232.7363 kcal/mol        0.1281 kcal/(mol*A)
xmin    60      232.3502 kcal/mol        0.8127 kcal/(mol*A)
xmin    70      231.7572 kcal/mol        0.2497 kcal/(mol*A)
xmin    80      229.0628 kcal/mol        2.2408 kcal/(mol*A)
xmin    90      227.6450 kcal/mol        0.7462 kcal/(mol*A)
xmin   100      227.2045 kcal/mol        0.6058 kcal/(mol*A)
xmin   110      226.8352 kcal/mol        0.3597 kcal/(mol*A)
xmin   120      226.0096 kcal/mol        1.3277 kcal/(mol*A)
xmin   130      225.0518 kcal/mol        0.5118 kcal/(mol*A)
xmin   140      224.6773 kcal/mol        0.0637 kcal/(mol*A)
xmin   150      224.6179 kcal/mol        0.2413 kcal/(mol*A)
xmin   160      224.5868 kcal/mol        0.1359 kcal/(mol*A)
xmin   170      224.5252 kcal/mol        0.1324 kcal/(mol*A)
xmin   180      224.4986 kcal/mol        0.0545 kcal/(mol*A)
xmin   190      224.4881 kcal/mol        0.0445 kcal/(mol*A)
xmin   200      224.4858 kcal/mol        0.0131 kcal/(mol*A)
xmin   210      224.4838 kcal/mol        0.0085 kcal/(mol*A)
xmin   220      224.4832 kcal/mol        0.0133 kcal/(mol*A)
xmin   230      224.4829 kcal/mol        0.0126 kcal/(mol*A)
xmin   240      224.4827 kcal/mol        0.0067 kcal/(mol*A)
xmin   250      224.4826 kcal/mol        0.0016 kcal/(mol*A)
xmin   260      224.4826 kcal/mol        0.0010 kcal/(mol*A)
  ... geometry converged !
 
 Final MO eigenvalues (eV):
 -42.5803  -41.3427  -41.0630  -40.5399  -39.3750  -38.0825  -37.7309  -37.0774
 -36.1348  -35.6509  -35.3418  -35.0050  -34.1897  -34.0673  -33.1815  -32.5110
 -32.1447  -31.6397  -31.3790  -30.7588  -28.6584  -28.2633  -27.9070  -27.2785
 -27.1243  -25.4262  -25.1662  -24.1039  -23.6961  -23.1189  -22.6972  -22.2021
 -21.3236  -21.0726  -20.8399  -19.7842  -19.5687  -19.3600  -19.1263  -19.0227
 -18.7991  -18.4253  -17.4906  -17.2134  -16.8656  -16.7784  -16.5277  -16.4935
 -16.4205  -16.3308  -16.1410  -15.9955  -15.8078  -15.6868  -15.5719  -15.4750
 -15.3093  -15.2382  -15.1306  -15.0404  -14.9219  -14.7530  -14.6120  -14.5509
 -14.3691  -14.2711  -14.1779  -14.0985  -14.0001  -13.9514  -13.8385  -13.8221
 -13.7427  -13.6488  -13.4698  -13.4069  -13.3070  -13.2086  -12.8098  -12.7472
 -12.5007  -12.3640  -12.3200  -12.2094  -12.1740  -11.9276  -11.8288  -11.7697
 -11.6844  -11.6155  -11.5108  -11.4575  -11.2363  -11.1615  -11.0326  -10.9843
 -10.4076  -10.3233   -9.5083   -9.3751   -9.3427   -8.9768   -8.7497   -8.4949
  -8.1965   -3.2266   -2.1138   -1.3822   -1.1383   -0.3707    0.2795    0.5800
   0.9458    1.3547    1.6056    1.6545    1.7731    2.0240    2.0661    2.1701
   2.1957    2.2520    2.2661    2.4025    2.5890    2.6115    2.6396    2.6626
   2.7525    2.7770    2.7929    2.8142    2.8930    3.0410    3.1201    3.2014
   3.3657    3.3772    3.4144    3.4424    3.4759    3.5136    3.5169    3.6312
   3.6598    3.6855    3.7395    3.7713    3.8356    3.8821    3.8884    3.9161
   3.9380    3.9538    3.9699    4.0033    4.0551    4.0840    4.1049    4.1891
   4.2386    4.2814    4.2893    4.3038    4.3564    4.4170    4.4281    4.4754
   4.5036    4.5441    4.5566    4.5965    4.6130    4.6481    4.9038    4.9639
   5.0218    5.0754    5.1370    5.1645    5.2051    5.2370    5.2511    5.2790
   5.2871    5.3115    5.3572    5.3769    5.5767    5.6718    5.8179    5.8341
   5.9475    6.0679    6.1468    8.3986    8.8351    9.5692

 Heat of formation   =        224.48262716 kcal/mol  (        9.73429718 eV)

 Total SCF energy    =    -158281.17029717 kcal/mol  (    -6863.58658762 eV)
 Electronic energy   =   -1545372.25768704 kcal/mol  (   -67012.36970153 eV)
 Core-core repulsion =    1387091.08738986 kcal/mol  (    60148.78311391 eV)
 
    Atomic Charges for Step       1 :
  Atom    Element       Mulliken Charge
     1      C                  0.218
     2      C                 -0.020
     3      C                 -0.002
     4      C                  0.041
     5      N                  0.129
     6      C                 -0.138
     7      C                 -0.211
     8      C                  0.112
     9      C                 -0.117
    10      C                 -0.219
    11      C                 -0.098
    12      C                 -0.121
    13      C                  0.476
    14      O                 -0.278
    15      O                 -0.219
    16      N                 -0.046
    17      C                 -0.041
    18      C                 -0.081
    19      C                 -0.092
    20      C                 -0.001
    21      C                 -0.170
    22      C                 -0.114
    23      C                 -0.196
    24      N                 -0.027
    25      C                 -0.053
    26      C                 -0.075
    27      C                 -0.095
    28      C                 -0.026
    29      C                 -0.171
    30      C                 -0.116
    31      C                 -0.197
    32      N                  0.017
    33      C                 -0.075
    34      C                 -0.111
    35      C                 -0.065
    36      C                 -0.090
    37      C                 -0.164
    38      C                 -0.117
    39      C                 -0.208
    40      C                  0.318
    41      O                 -0.581
    42      O                 -0.607
    43      H                  0.121
    44      H                  0.109
    45      H                  0.137
    46      H                  0.082
    47      H                  0.096
    48      H                  0.097
    49      H                  0.085
    50      H                  0.097
    51      H                  0.095
    52      H                  0.098
    53      H                  0.092
    54      H                  0.081
    55      H                  0.119
    56      H                  0.118
    57      H                  0.119
    58      H                  0.117
    59      H                  0.147
    60      H                  0.117
    61      H                  0.137
    62      H                  0.238
    63      H                  0.095
    64      H                  0.099
    65      H                  0.082
    66      H                  0.123
    67      H                  0.245
    68      H                  0.141
    69      H                  0.145
    70      H                  0.152
    71      H                  0.123
    72      H                  0.126
 Total Mulliken Charge =      -0.000
 
                  X        Y        Z     TOTAL  
  QM DIPOLE   -11.513    7.870    1.601   14.037
 
 Final Structure

  QMMM: QM Region Cartesian Coordinates (*=link atom) 
  QMMM: QM_NO.   MM_NO.  ATOM         X         Y         Z
  QMMM:     1        1      C       54.3440   66.3360   42.9874
  QMMM:     2        2      C       49.6305   65.5213   44.0829
  QMMM:     3        3      C       49.6565   69.6741   46.6558
  QMMM:     4        4      C       54.5333   69.6275   46.5642
  QMMM:     5        5      N       52.0223   66.1552   43.7872
  QMMM:     6        6      C       53.0434   65.8553   42.9121
  QMMM:     7        7      C       52.5718   64.8652   41.8844
  QMMM:     8        8      C       51.1622   64.6654   42.2327
  QMMM:     9        9      C       50.8993   65.4651   43.3865
  QMMM:    10       10      C       50.2463   63.7769   41.5310
  QMMM:    11       11      C       53.4552   63.6951   41.4057
  QMMM:    12       12      C       53.1243   64.7836   40.4656
  QMMM:    13       13      C       55.6494   61.0217   42.8663
  QMMM:    14       14      O       54.5720   61.2013   42.3820
  QMMM:    15       15      O       56.7063   60.7100   43.3125
  QMMM:    16       16      N       49.9509   67.7378   45.1538
  QMMM:    17       17      C       49.2233   66.5246   44.8893
  QMMM:    18       18      C       47.9671   66.5367   45.7064
  QMMM:    19       19      C       47.9975   67.6880   46.4573
  QMMM:    20       20      C       49.2662   68.4035   46.0727
  QMMM:    21       21      C       46.9562   65.4820   45.6643
  QMMM:    22       22      C       47.0640   68.1943   47.4225
  QMMM:    23       23      C       46.2102   67.4469   48.1285
  QMMM:    24       24      N       52.0938   69.2741   46.5224
  QMMM:    25       25      C       50.9360   70.0653   46.8436
  QMMM:    26       26      C       51.3977   71.3851   47.3797
  QMMM:    27       27      C       52.7724   71.3709   47.3308
  QMMM:    28       28      C       53.1561   70.0275   46.7738
  QMMM:    29       29      C       50.4985   72.4476   47.8254
  QMMM:    30       30      C       53.7332   72.3761   47.6851
  QMMM:    31       31      C       53.5249   73.3624   48.5625
  QMMM:    32       32      N       54.0660   68.0679   44.7090
  QMMM:    33       33      C       54.9351   68.7270   45.6348
  QMMM:    34       34      C       56.3302   68.2361   45.4110
  QMMM:    35       35      C       56.2733   67.3067   44.4020
  QMMM:    36       36      C       54.8265   67.2265   44.0020
  QMMM:    37       37      C       57.4747   68.7065   46.1902
  QMMM:    38       38      C       57.3610   66.5364   43.7794
  QMMM:    39       39      C       57.3563   65.0596   44.1314
  QMMM:    40       40      C       56.5112   64.2323   43.1733
  QMMM:    41       41      O       55.8451   63.2506   43.6203
  QMMM:    42       42      O       56.4398   64.5572   41.9427
  QMMM:    43       43      H       50.3104   63.9423   40.4230
  QMMM:    44       44      H       49.1869   63.9246   41.8567
  QMMM:    45       45      H       50.5371   62.7084   41.7307
  QMMM:    46       46      H       46.9341   64.9826   44.6637
  QMMM:    47       47      H       45.9383   65.9023   45.8710
  QMMM:    48       48      H       47.1748   64.7032   46.4406
  QMMM:    49       49      H       49.5037   72.3765   47.3191
  QMMM:    50       50      H       50.9365   73.4548   47.6029
  QMMM:    51       51      H       50.3349   72.3771   48.9324
  QMMM:    52       52      H       58.4364   68.3208   45.7685
  QMMM:    53       53      H       57.3918   68.3546   47.2507
  QMMM:    54       54      H       57.5141   69.8254   46.1951
  QMMM:    55       55      H       45.5152   67.8921   48.8526
  QMMM:    56       56      H       46.1593   66.3534   48.0435
  QMMM:    57       57      H       54.2984   74.1084   48.7875
  QMMM:    58       58      H       52.5847   73.4817   49.1169
  QMMM:    59       59      H       53.9113   65.5137   40.1912
  QMMM:    60       60      H       52.3936   64.6189   39.6516
  QMMM:    61       61      H       52.9646   62.7068   41.3186
  QMMM:    62       62      H       54.4856   63.6113   41.8459
  QMMM:    63       63      H       56.9962   64.8965   45.1779
  QMMM:    64       64      H       58.4051   64.6686   44.0644
  QMMM:    65       65      H       58.3435   66.9840   44.0939
  QMMM:    66       66      H       57.2927   66.6335   42.6575
  QMMM:    67       67      H       55.0949   65.9716   42.2343
  QMMM:    68       68      H       48.9762   64.6435   43.9378
  QMMM:    69       69      H       48.8277   70.3391   46.9537
  QMMM:    70       70      H       55.2830   70.1016   47.2230
  QMMM:    71       71      H       47.0889   69.2898   47.5692
  QMMM:    72       72      H       54.7069   72.2905   47.1678

           --------- Calculation Completed ----------

